#
# There is insufficient memory for the Java Runtime Environment to continue.
# Native memory allocation (malloc) failed to allocate 1005296 bytes for Chunk::new
# Possible reasons:
#   The system is out of physical RAM or swap space
#   The process is running with CompressedOops enabled, and the Java Heap may be blocking the growth of the native heap
# Possible solutions:
#   Reduce memory load on the system
#   Increase physical memory or swap space
#   Check if swap backing store is full
#   Decrease Java heap size (-Xmx/-Xms)
#   Decrease number of Java threads
#   Decrease Java thread stack sizes (-Xss)
#   Set larger code cache with -XX:ReservedCodeCacheSize=
#   JVM is running with Unscaled Compressed Oops mode in which the Java heap is
#     placed in the first 4GB address space. The Java Heap base address is the
#     maximum limit for the native heap growth. Please use -XX:HeapBaseMinAddress
#     to set the Java Heap base and to place the Java Heap above 4GB virtual address.
# This output file may be truncated or incomplete.
#
#  Out of Memory Error (allocation.cpp:389), pid=11356, tid=0x0000000000001c04
#
# JRE version: OpenJDK Runtime Environment (8.0_242-b01) (build 1.8.0_242-release-1644-b01)
# Java VM: OpenJDK 64-Bit Server VM (25.242-b01 mixed mode windows-amd64 compressed oops)
# Failed to write core dump. Minidumps are not enabled by default on client versions of Windows
#

---------------  T H R E A D  ---------------

Current thread (0x0000000018943000):  JavaThread "C2 CompilerThread2" daemon [_thread_in_native, id=7172, stack(0x00000000192b0000,0x00000000193b0000)]

Stack: [0x00000000192b0000,0x00000000193b0000]
[error occurred during error reporting (printing stack bounds), id 0xc0000005]

Native frames: (J=compiled Java code, j=interpreted, Vv=VM code, C=native code)


Current CompileTask:
C2:15166695 17136       4       com.android.tools.r8.graph.DexField::a (44 bytes)


---------------  P R O C E S S  ---------------

Java Threads: ( => current thread )
  0x000000001a383800 JavaThread "pool-11-thread-1" [_thread_blocked, id=628, stack(0x0000000029a40000,0x0000000029b40000)]
  0x000000001a384800 JavaThread "WorkerExecutor Queue Thread 4" [_thread_blocked, id=9576, stack(0x0000000029940000,0x0000000029a40000)]
  0x000000001a381800 JavaThread "WorkerExecutor Queue Thread 3" [_thread_blocked, id=11180, stack(0x0000000029840000,0x0000000029940000)]
  0x000000001a380000 JavaThread "WorkerExecutor Queue Thread 2" [_thread_blocked, id=15024, stack(0x0000000029740000,0x0000000029840000)]
  0x000000001d977000 JavaThread "WorkerExecutor Queue" [_thread_blocked, id=3156, stack(0x0000000029640000,0x0000000029740000)]
  0x000000001d976800 JavaThread "RMI TCP Connection(15)-127.0.0.1" daemon [_thread_in_native, id=18636, stack(0x0000000029540000,0x0000000029640000)]
  0x000000001d975800 JavaThread "RMI Reaper" [_thread_blocked, id=12424, stack(0x0000000029220000,0x0000000029320000)]
  0x000000001d96e000 JavaThread "GC Daemon" daemon [_thread_blocked, id=15976, stack(0x0000000029120000,0x0000000029220000)]
  0x000000001d975000 JavaThread "RMI RenewClean-[127.0.0.1:17688,org.jetbrains.kotlin.daemon.common.LoopbackNetworkInterface$ClientLoopbackSocketFactory@6fd6164b]" daemon [_thread_blocked, id=4352, stack(0x0000000028c20000,0x0000000028d20000)]
  0x000000001d972800 JavaThread "Cache worker for execution history cache (D:\demo07\.gradle\5.4.1\executionHistory)" [_thread_blocked, id=9712, stack(0x0000000027e20000,0x0000000027f20000)]
  0x000000001d973800 JavaThread "Execution worker for ':' Thread 7" [_thread_blocked, id=8464, stack(0x0000000028b20000,0x0000000028c20000)]
  0x000000001d974000 JavaThread "Execution worker for ':' Thread 6" [_thread_blocked, id=17864, stack(0x0000000028430000,0x0000000028530000)]
  0x000000001d96b000 JavaThread "Execution worker for ':' Thread 5" [_thread_blocked, id=8260, stack(0x0000000028330000,0x0000000028430000)]
  0x000000001d972000 JavaThread "Execution worker for ':' Thread 4" [_thread_in_native, id=13576, stack(0x0000000028230000,0x0000000028330000)]
  0x000000001d971000 JavaThread "Execution worker for ':' Thread 3" [_thread_blocked, id=15864, stack(0x0000000028130000,0x0000000028230000)]
  0x000000001d96d000 JavaThread "Execution worker for ':' Thread 2" [_thread_blocked, id=12152, stack(0x0000000028030000,0x0000000028130000)]
  0x000000001d96c800 JavaThread "Execution worker for ':'" [_thread_blocked, id=11336, stack(0x0000000027f30000,0x0000000028030000)]
  0x000000001d96b800 JavaThread "Cache worker for file content cache (D:\demo07\.gradle\5.4.1\fileContent)" [_thread_blocked, id=11024, stack(0x0000000027d20000,0x0000000027e20000)]
  0x000000001d969800 JavaThread "Cache worker for Build Output Cleanup Cache (D:\demo07\.gradle\buildOutputCleanup)" [_thread_blocked, id=3560, stack(0x0000000027860000,0x0000000027960000)]
  0x000000001d970800 JavaThread "Build operations Thread 8" [_thread_blocked, id=15156, stack(0x0000000026360000,0x0000000026460000)]
  0x000000001d96f800 JavaThread "Build operations Thread 7" [_thread_blocked, id=12936, stack(0x0000000025d60000,0x0000000025e60000)]
  0x000000001d96f000 JavaThread "Build operations Thread 6" [_thread_blocked, id=2856, stack(0x0000000023710000,0x0000000023810000)]
  0x0000000021fcb800 JavaThread "Build operations Thread 5" [_thread_blocked, id=9928, stack(0x0000000023210000,0x0000000023310000)]
  0x0000000021fcb000 JavaThread "Build operations Thread 4" [_thread_blocked, id=7704, stack(0x0000000023110000,0x0000000023210000)]
  0x0000000021fc2800 JavaThread "Build operations Thread 3" [_thread_blocked, id=16032, stack(0x0000000023010000,0x0000000023110000)]
  0x0000000021fc5800 JavaThread "Build operations Thread 2" [_thread_blocked, id=13612, stack(0x0000000022f10000,0x0000000023010000)]
  0x0000000021fc5000 JavaThread "Build operations" [_thread_blocked, id=4836, stack(0x0000000022e10000,0x0000000022f10000)]
  0x0000000021fc4000 JavaThread "Cache worker for cache directory md-rule (C:\Users\dym\.gradle\caches\5.4.1\md-rule)" [_thread_blocked, id=18344, stack(0x0000000022d10000,0x0000000022e10000)]
  0x0000000021fc7000 JavaThread "Cache worker for cache directory md-supplier (C:\Users\dym\.gradle\caches\5.4.1\md-supplier)" [_thread_blocked, id=18404, stack(0x0000000021930000,0x0000000021a30000)]
  0x0000000021fc9800 JavaThread "Cache worker for file hash cache (D:\demo07\.gradle\5.4.1\fileHashes)" [_thread_blocked, id=18192, stack(0x0000000021830000,0x0000000021930000)]
  0x0000000021fbf800 JavaThread "Thread-214" [_thread_blocked, id=2576, stack(0x000000001e1d0000,0x000000001e2d0000)]
  0x0000000021fbc800 JavaThread "Stdin handler" [_thread_blocked, id=17436, stack(0x000000001bc30000,0x000000001bd30000)]
  0x0000000021fc2000 JavaThread "Asynchronous log dispatcher for DefaultDaemonConnection: socket connection from /127.0.0.1:59297 to /127.0.0.1:49829" [_thread_blocked, id=14200, stack(0x000000001b930000,0x000000001ba30000)]
  0x0000000021fbd000 JavaThread "Daemon worker Thread 6" [_thread_blocked, id=2144, stack(0x000000001b830000,0x000000001b930000)]
  0x0000000021fc1000 JavaThread "Cancel handler" [_thread_blocked, id=2372, stack(0x000000001b530000,0x000000001b630000)]
  0x0000000021fc0800 JavaThread "Handler for socket connection from /127.0.0.1:59297 to /127.0.0.1:49829" [_thread_in_native, id=13684, stack(0x000000001b430000,0x000000001b530000)]
  0x0000000021fbe000 JavaThread "Daemon Thread 6" [_thread_blocked, id=16548, stack(0x0000000000d00000,0x0000000000e00000)]
  0x000000001d96a000 JavaThread "Cache worker for Java compile cache (C:\Users\dym\.gradle\caches\5.4.1\javaCompile)" [_thread_blocked, id=6456, stack(0x0000000029020000,0x0000000029120000)]
  0x000000001996a800 JavaThread "RMI TCP Accept-0" daemon [_thread_in_native, id=10260, stack(0x0000000028d20000,0x0000000028e20000)]
  0x0000000021fc6800 JavaThread "RMI Scheduler(0)" daemon [_thread_blocked, id=5660, stack(0x0000000028a20000,0x0000000028b20000)]
  0x0000000021fbe800 JavaThread "Cache worker for file content cache (C:\Users\dym\.gradle\caches\5.4.1\fileContent)" [_thread_blocked, id=9336, stack(0x0000000027c20000,0x0000000027d20000)]
  0x000000001a38a800 JavaThread "Memory manager" [_thread_blocked, id=3196, stack(0x0000000023c70000,0x0000000023d70000)]
  0x000000001996c000 JavaThread "Cache worker for execution history cache (C:\Users\dym\.gradle\caches\5.4.1\executionHistory)" [_thread_blocked, id=18612, stack(0x0000000020f30000,0x0000000021030000)]
  0x000000001996b000 JavaThread "Cache worker for journal cache (C:\Users\dym\.gradle\caches\journal-1)" [_thread_blocked, id=6520, stack(0x000000001cf00000,0x000000001d000000)]
  0x000000001996c800 JavaThread "File lock request listener" [_thread_in_native, id=16208, stack(0x000000001ce00000,0x000000001cf00000)]
  0x000000001aaa8000 JavaThread "Cache worker for file hash cache (C:\Users\dym\.gradle\caches\5.4.1\fileHashes)" [_thread_blocked, id=18144, stack(0x000000001cd00000,0x000000001ce00000)]
  0x00000000196d0800 JavaThread "Daemon periodic checks" [_thread_blocked, id=19036, stack(0x000000001b330000,0x000000001b430000)]
  0x000000001973a800 JavaThread "Incoming local TCP Connector on port 59297" [_thread_in_native, id=5888, stack(0x000000001b180000,0x000000001b280000)]
  0x000000001ac27800 JavaThread "Daemon health stats" [_thread_blocked, id=1452, stack(0x000000001ae80000,0x000000001af80000)]
  0x00000000189e5800 JavaThread "Service Thread" daemon [_thread_blocked, id=17328, stack(0x00000000194b0000,0x00000000195b0000)]
  0x0000000018951000 JavaThread "C1 CompilerThread3" daemon [_thread_blocked, id=7136, stack(0x00000000193b0000,0x00000000194b0000)]
=>0x0000000018943000 JavaThread "C2 CompilerThread2" daemon [_thread_in_native, id=7172, stack(0x00000000192b0000,0x00000000193b0000)]
  0x0000000018941000 JavaThread "C2 CompilerThread1" daemon [_thread_in_native, id=8308, stack(0x00000000191b0000,0x00000000192b0000)]
  0x000000001893e800 JavaThread "C2 CompilerThread0" daemon [_thread_in_vm, id=12352, stack(0x00000000190b0000,0x00000000191b0000)]
  0x00000000188e7800 JavaThread "Attach Listener" daemon [_thread_blocked, id=15124, stack(0x0000000018fb0000,0x00000000190b0000)]
  0x00000000188e6000 JavaThread "Signal Dispatcher" daemon [_thread_blocked, id=13944, stack(0x0000000018eb0000,0x0000000018fb0000)]
  0x00000000188d1800 JavaThread "Finalizer" daemon [_thread_blocked, id=11796, stack(0x0000000018db0000,0x0000000018eb0000)]
  0x00000000188d0800 JavaThread "Reference Handler" daemon [_thread_blocked, id=11668, stack(0x0000000018cb0000,0x0000000018db0000)]
  0x000000000285d800 JavaThread "main" [_thread_blocked, id=17064, stack(0x00000000026f0000,0x00000000027f0000)]

Other Threads:
  0x0000000016ad7000 VMThread [stack: 0x00000000187b0000,0x00000000188b0000] [id=4668]
  0x00000000189e7000 WatcherThread [stack: 0x00000000195b0000,0x00000000196b0000] [id=18028]

VM state:not at safepoint (normal execution)

VM Mutex/Monitor currently owned by a thread:  ([mutex/lock_event])
[0x000000000285bdb0] CodeCache_lock - owner thread: 0x000000001893e800

OutOfMemory and StackOverflow Exception counts:
OutOfMemoryError java_heap_errors=1

heap address: 0x00000000a0000000, size: 1536 MB, Compressed Oops mode: 32-bit
Narrow klass base: 0x0000000000000000, Narrow klass shift: 3
Compressed class space size: 1073741824 Address: 0x0000000100000000

Heap:
 PSYoungGen      total 221184K, used 82442K [0x00000000e0000000, 0x00000000f1500000, 0x0000000100000000)
  eden space 208896K, 39% used [0x00000000e0000000,0x00000000e5082a08,0x00000000ecc00000)
  from space 12288K, 0% used [0x00000000ecc00000,0x00000000ecc00000,0x00000000ed800000)
  to   space 37376K, 0% used [0x00000000ef080000,0x00000000ef080000,0x00000000f1500000)
 ParOldGen       total 214528K, used 43534K [0x00000000a0000000, 0x00000000ad180000, 0x00000000e0000000)
  object space 214528K, 20% used [0x00000000a0000000,0x00000000a2a83bf0,0x00000000ad180000)
 Metaspace       used 94671K, capacity 98370K, committed 100096K, reserved 1136640K
  class space    used 12425K, capacity 13139K, committed 13568K, reserved 1048576K

Card table byte_map: [0x00000000120e0000,0x00000000123f0000] byte_map_base: 0x0000000011be0000

Marking Bits: (ParMarkBitMap*) 0x0000000055bdf030
 Begin Bits: [0x0000000012df0000, 0x00000000145f0000)
 End Bits:   [0x00000000145f0000, 0x0000000015df0000)

Polling page: 0x00000000005e0000

CodeCache: size=245760Kb used=46951Kb max_used=47200Kb free=198808Kb
 bounds [0x0000000002d20000, 0x0000000005b90000, 0x0000000011d20000]
 total_blobs=14961 nmethods=14031 adapters=841
 compilation: enabled

Compilation events (10 events):
Event: 15166.647 Thread 0x0000000018951000 17242       3       java.nio.CharBuffer::toString (13 bytes)
Event: 15166.648 Thread 0x0000000018951000 nmethod 17242 0x0000000002f6e710 code [0x0000000002f6e880, 0x0000000002f6ebc8]
Event: 15166.649 Thread 0x0000000018951000 17243   !   3       java.nio.HeapCharBuffer::toString (30 bytes)
Event: 15166.649 Thread 0x0000000018951000 nmethod 17243 0x0000000003916310 code [0x0000000003916480, 0x0000000003916738]
Event: 15166.650 Thread 0x0000000018951000 17252       3       com.google.common.collect.ImmutableList$1::get (9 bytes)
Event: 15166.650 Thread 0x0000000018951000 nmethod 17252 0x0000000003712790 code [0x0000000003712900, 0x0000000003712b28]
Event: 15166.652 Thread 0x0000000018951000 17253       3       com.android.tools.build.apkzlib.zip.FileUseMap::internalRemove (32 bytes)
Event: 15166.653 Thread 0x0000000018951000 nmethod 17253 0x0000000003156a10 code [0x0000000003156c00, 0x00000000031573c8]
Event: 15166.687 Thread 0x0000000018951000 17255       3       java.nio.charset.Charset::forName (20 bytes)
Event: 15166.687 Thread 0x0000000018951000 nmethod 17255 0x0000000003247990 code [0x0000000003247b00, 0x0000000003247d78]

GC Heap History (10 events):
Event: 5960.304 GC heap before
{Heap before GC invocations=25 (full 4):
 PSYoungGen      total 230912K, used 75909K [0x00000000e0000000, 0x00000000f1e00000, 0x0000000100000000)
  eden space 190464K, 35% used [0x00000000e0000000,0x00000000e4293598,0x00000000eba00000)
  from space 40448K, 19% used [0x00000000ee100000,0x00000000ee88e0f0,0x00000000f0880000)
  to   space 39936K, 0% used [0x00000000eba00000,0x00000000eba00000,0x00000000ee100000)
 ParOldGen       total 214528K, used 56798K [0x00000000a0000000, 0x00000000ad180000, 0x00000000e0000000)
  object space 214528K, 26% used [0x00000000a0000000,0x00000000a3777aa0,0x00000000ad180000)
 Metaspace       used 94390K, capacity 98632K, committed 99392K, reserved 1134592K
  class space    used 12528K, capacity 13362K, committed 13568K, reserved 1048576K
Event: 5960.416 GC heap after
Heap after GC invocations=25 (full 4):
 PSYoungGen      total 230400K, used 1552K [0x00000000e0000000, 0x00000000f1f00000, 0x0000000100000000)
  eden space 190464K, 0% used [0x00000000e0000000,0x00000000e0000000,0x00000000eba00000)
  from space 39936K, 3% used [0x00000000eba00000,0x00000000ebb84010,0x00000000ee100000)
  to   space 40448K, 0% used [0x00000000ef780000,0x00000000ef780000,0x00000000f1f00000)
 ParOldGen       total 214528K, used 56806K [0x00000000a0000000, 0x00000000ad180000, 0x00000000e0000000)
  object space 214528K, 26% used [0x00000000a0000000,0x00000000a3779aa0,0x00000000ad180000)
 Metaspace       used 94390K, capacity 98632K, committed 99392K, reserved 1134592K
  class space    used 12528K, capacity 13362K, committed 13568K, reserved 1048576K
}
Event: 5960.416 GC heap before
{Heap before GC invocations=26 (full 5):
 PSYoungGen      total 230400K, used 1552K [0x00000000e0000000, 0x00000000f1f00000, 0x0000000100000000)
  eden space 190464K, 0% used [0x00000000e0000000,0x00000000e0000000,0x00000000eba00000)
  from space 39936K, 3% used [0x00000000eba00000,0x00000000ebb84010,0x00000000ee100000)
  to   space 40448K, 0% used [0x00000000ef780000,0x00000000ef780000,0x00000000f1f00000)
 ParOldGen       total 214528K, used 56806K [0x00000000a0000000, 0x00000000ad180000, 0x00000000e0000000)
  object space 214528K, 26% used [0x00000000a0000000,0x00000000a3779aa0,0x00000000ad180000)
 Metaspace       used 94390K, capacity 98632K, committed 99392K, reserved 1134592K
  class space    used 12528K, capacity 13362K, committed 13568K, reserved 1048576K
Event: 5961.619 GC heap after
Heap after GC invocations=26 (full 5):
 PSYoungGen      total 230400K, used 0K [0x00000000e0000000, 0x00000000f1f00000, 0x0000000100000000)
  eden space 190464K, 0% used [0x00000000e0000000,0x00000000e0000000,0x00000000eba00000)
  from space 39936K, 0% used [0x00000000eba00000,0x00000000eba00000,0x00000000ee100000)
  to   space 40448K, 0% used [0x00000000ef780000,0x00000000ef780000,0x00000000f1f00000)
 ParOldGen       total 214528K, used 35723K [0x00000000a0000000, 0x00000000ad180000, 0x00000000e0000000)
  object space 214528K, 16% used [0x00000000a0000000,0x00000000a22e2dc8,0x00000000ad180000)
 Metaspace       used 92799K, capacity 95996K, committed 99392K, reserved 1134592K
  class space    used 12238K, capacity 12856K, committed 13568K, reserved 1048576K
}
Event: 9201.070 GC heap before
{Heap before GC invocations=27 (full 5):
 PSYoungGen      total 230400K, used 190464K [0x00000000e0000000, 0x00000000f1f00000, 0x0000000100000000)
  eden space 190464K, 100% used [0x00000000e0000000,0x00000000eba00000,0x00000000eba00000)
  from space 39936K, 0% used [0x00000000eba00000,0x00000000eba00000,0x00000000ee100000)
  to   space 40448K, 0% used [0x00000000ef780000,0x00000000ef780000,0x00000000f1f00000)
 ParOldGen       total 214528K, used 35723K [0x00000000a0000000, 0x00000000ad180000, 0x00000000e0000000)
  object space 214528K, 16% used [0x00000000a0000000,0x00000000a22e2dc8,0x00000000ad180000)
 Metaspace       used 94101K, capacity 97746K, committed 99584K, reserved 1134592K
  class space    used 12412K, capacity 13121K, committed 13568K, reserved 1048576K
Event: 9201.222 GC heap after
Heap after GC invocations=27 (full 5):
 PSYoungGen      total 243200K, used 7226K [0x00000000e0000000, 0x00000000f1900000, 0x0000000100000000)
  eden space 208896K, 0% used [0x00000000e0000000,0x00000000e0000000,0x00000000ecc00000)
  from space 34304K, 21% used [0x00000000ef780000,0x00000000efe8e9c0,0x00000000f1900000)
  to   space 39424K, 0% used [0x00000000ecc00000,0x00000000ecc00000,0x00000000ef280000)
 ParOldGen       total 214528K, used 35731K [0x00000000a0000000, 0x00000000ad180000, 0x00000000e0000000)
  object space 214528K, 16% used [0x00000000a0000000,0x00000000a22e4dc8,0x00000000ad180000)
 Metaspace       used 94101K, capacity 97746K, committed 99584K, reserved 1134592K
  class space    used 12412K, capacity 13121K, committed 13568K, reserved 1048576K
}
Event: 15159.476 GC heap before
{Heap before GC invocations=28 (full 5):
 PSYoungGen      total 243200K, used 124390K [0x00000000e0000000, 0x00000000f1900000, 0x0000000100000000)
  eden space 208896K, 56% used [0x00000000e0000000,0x00000000e726ae78,0x00000000ecc00000)
  from space 34304K, 21% used [0x00000000ef780000,0x00000000efe8e9c0,0x00000000f1900000)
  to   space 39424K, 0% used [0x00000000ecc00000,0x00000000ecc00000,0x00000000ef280000)
 ParOldGen       total 214528K, used 35731K [0x00000000a0000000, 0x00000000ad180000, 0x00000000e0000000)
  object space 214528K, 16% used [0x00000000a0000000,0x00000000a22e4dc8,0x00000000ad180000)
 Metaspace       used 94394K, capacity 98246K, committed 99840K, reserved 1136640K
  class space    used 12451K, capacity 13193K, committed 13568K, reserved 1048576K
Event: 15159.591 GC heap after
Heap after GC invocations=28 (full 5):
 PSYoungGen      total 221184K, used 12096K [0x00000000e0000000, 0x00000000f1500000, 0x0000000100000000)
  eden space 208896K, 0% used [0x00000000e0000000,0x00000000e0000000,0x00000000ecc00000)
  from space 12288K, 98% used [0x00000000ecc00000,0x00000000ed7d00b0,0x00000000ed800000)
  to   space 37376K, 0% used [0x00000000ef080000,0x00000000ef080000,0x00000000f1500000)
 ParOldGen       total 214528K, used 35739K [0x00000000a0000000, 0x00000000ad180000, 0x00000000e0000000)
  object space 214528K, 16% used [0x00000000a0000000,0x00000000a22e6dc8,0x00000000ad180000)
 Metaspace       used 94394K, capacity 98246K, committed 99840K, reserved 1136640K
  class space    used 12451K, capacity 13193K, committed 13568K, reserved 1048576K
}
Event: 15159.591 GC heap before
{Heap before GC invocations=29 (full 6):
 PSYoungGen      total 221184K, used 12096K [0x00000000e0000000, 0x00000000f1500000, 0x0000000100000000)
  eden space 208896K, 0% used [0x00000000e0000000,0x00000000e0000000,0x00000000ecc00000)
  from space 12288K, 98% used [0x00000000ecc00000,0x00000000ed7d00b0,0x00000000ed800000)
  to   space 37376K, 0% used [0x00000000ef080000,0x00000000ef080000,0x00000000f1500000)
 ParOldGen       total 214528K, used 35739K [0x00000000a0000000, 0x00000000ad180000, 0x00000000e0000000)
  object space 214528K, 16% used [0x00000000a0000000,0x00000000a22e6dc8,0x00000000ad180000)
 Metaspace       used 94394K, capacity 98246K, committed 99840K, reserved 1136640K
  class space    used 12451K, capacity 13193K, committed 13568K, reserved 1048576K
Event: 15160.665 GC heap after
Heap after GC invocations=29 (full 6):
 PSYoungGen      total 221184K, used 0K [0x00000000e0000000, 0x00000000f1500000, 0x0000000100000000)
  eden space 208896K, 0% used [0x00000000e0000000,0x00000000e0000000,0x00000000ecc00000)
  from space 12288K, 0% used [0x00000000ecc00000,0x00000000ecc00000,0x00000000ed800000)
  to   space 37376K, 0% used [0x00000000ef080000,0x00000000ef080000,0x00000000f1500000)
 ParOldGen       total 214528K, used 43534K [0x00000000a0000000, 0x00000000ad180000, 0x00000000e0000000)
  object space 214528K, 20% used [0x00000000a0000000,0x00000000a2a83bf0,0x00000000ad180000)
 Metaspace       used 93965K, capacity 97480K, committed 99840K, reserved 1136640K
  class space    used 12378K, capacity 13058K, committed 13568K, reserved 1048576K
}

Deoptimization events (10 events):
Event: 15166.245 Thread 0x000000001d972000 Uncommon trap: reason=speculate_class_check action=maybe_recompile pc=0x0000000003295900 method=java.nio.charset.CharsetEncoder.reset()Ljava/nio/charset/CharsetEncoder; @ 1
Event: 15166.246 Thread 0x000000001d972000 Uncommon trap: reason=speculate_class_check action=maybe_recompile pc=0x0000000003295900 method=java.nio.charset.CharsetEncoder.reset()Ljava/nio/charset/CharsetEncoder; @ 1
Event: 15166.285 Thread 0x000000001d977000 Uncommon trap: reason=unstable_if action=reinterpret pc=0x0000000002fb5ac0 method=com.google.common.collect.CompactHashMap.remove(Ljava/lang/Object;I)Ljava/lang/Object; @ 163
Event: 15166.607 Thread 0x000000001d972000 Uncommon trap: reason=array_check action=maybe_recompile pc=0x0000000005b43f34 method=java.util.TimSort.mergeLo(IIII)V @ 81
Event: 15166.617 Thread 0x000000001a384800 Uncommon trap: reason=bimorphic action=maybe_recompile pc=0x00000000042b0a60 method=java.io.DataInputStream.readUnsignedShort()I @ 4
Event: 15166.617 Thread 0x000000001a384800 Uncommon trap: reason=bimorphic action=maybe_recompile pc=0x00000000042b0a60 method=java.io.DataInputStream.readUnsignedShort()I @ 4
Event: 15166.621 Thread 0x000000001a384800 Uncommon trap: reason=class_check action=maybe_recompile pc=0x0000000003e40720 method=com.android.tools.build.apkzlib.zip.ZipField.checkVerifiesInvariants(J)V @ 25
Event: 15166.634 Thread 0x000000001a384800 Uncommon trap: reason=class_check action=maybe_recompile pc=0x00000000037d8d78 method=java.util.zip.InflaterInputStream.fill()V @ 19
Event: 15166.636 Thread 0x000000001a384800 Uncommon trap: reason=class_check action=maybe_recompile pc=0x0000000002eb7e28 method=java.lang.String.equals(Ljava/lang/Object;)Z @ 8
Event: 15166.653 Thread 0x000000001a384800 Uncommon trap: reason=class_check action=maybe_recompile pc=0x0000000004d19830 method=com.android.tools.build.apkzlib.zip.ZipField.checkVerifiesInvariants(J)V @ 25

Classes redefined (0 events):
No events

Internal exceptions (10 events):
Event: 15166.367 Thread 0x000000001a384800 Exception <a 'sun/nio/fs/WindowsException'> (0x00000000e31707f0) thrown at [C:\src\AOSP-openjdk-git\hotspot\src\share\vm\prims\jni.cpp, line 710]
Event: 15166.419 Thread 0x000000001d972000 Exception <a 'java/lang/NoSuchMethodError': <clinit>> (0x00000000e33cd828) thrown at [C:\src\AOSP-openjdk-git\hotspot\src\share\vm\prims\jni.cpp, line 1615]
Event: 15166.498 Thread 0x000000001d977000 Exception <a 'sun/nio/fs/WindowsException'> (0x00000000e3a6c498) thrown at [C:\src\AOSP-openjdk-git\hotspot\src\share\vm\prims\jni.cpp, line 710]
Event: 15166.573 Thread 0x000000001a383800 Exception <a 'sun/nio/fs/WindowsException'> (0x00000000e48974a0) thrown at [C:\src\AOSP-openjdk-git\hotspot\src\share\vm\prims\jni.cpp, line 710]
Event: 15166.605 Thread 0x000000001d972000 Exception <a 'java/lang/NoSuchMethodError': <clinit>> (0x00000000e49241d8) thrown at [C:\src\AOSP-openjdk-git\hotspot\src\share\vm\prims\jni.cpp, line 1615]
Event: 15166.605 Thread 0x000000001d972000 Exception <a 'java/lang/NoSuchMethodError': <clinit>> (0x00000000e4927de8) thrown at [C:\src\AOSP-openjdk-git\hotspot\src\share\vm\prims\jni.cpp, line 1615]
Event: 15166.607 Thread 0x000000001d972000 Exception <a 'java/lang/NoSuchMethodError': <clinit>> (0x00000000e4945d28) thrown at [C:\src\AOSP-openjdk-git\hotspot\src\share\vm\prims\jni.cpp, line 1615]
Event: 15166.608 Thread 0x000000001d972000 Exception <a 'java/lang/NoSuchMethodError': <clinit>> (0x00000000e4984b88) thrown at [C:\src\AOSP-openjdk-git\hotspot\src\share\vm\prims\jni.cpp, line 1615]
Event: 15166.662 Thread 0x000000001a384800 Exception <a 'java/lang/OutOfMemoryError'> (0x00000000e503c140) thrown at [C:\src\AOSP-openjdk-git\hotspot\src\share\vm\prims\unsafe.cpp, line 618]
Event: 15166.691 Thread 0x000000001d972000 Exception <a 'java/lang/reflect/InvocationTargetException'> (0x00000000e4bbb5e0) thrown at [C:\src\AOSP-openjdk-git\hotspot\src\share\vm\runtime\reflection.cpp, line 1092]

Events (10 events):
Event: 15166.684 loading class sun/misc/JavaxCryptoSealedObjectAccess done
Event: 15166.685 loading class org/gradle/internal/exceptions/DefaultMultiCauseException$1
Event: 15166.685 loading class org/gradle/internal/exceptions/DefaultMultiCauseException$1 done
Event: 15166.687 Thread 0x0000000018951000 flushing nmethod 0x000000000447d350
Event: 15166.687 Thread 0x0000000018951000 flushing nmethod 0x000000000448ad10
Event: 15166.687 Thread 0x0000000018951000 flushing nmethod 0x00000000044d3f50
Event: 15166.689 loading class com/android/ide/common/workers/WorkerExecutorException$Companion
Event: 15166.689 loading class com/android/ide/common/workers/WorkerExecutorException$Companion done
Event: 15166.691 loading class org/gradle/internal/execution/steps/CatchExceptionStep$1
Event: 15166.691 loading class org/gradle/internal/execution/steps/CatchExceptionStep$1 done


Dynamic libraries:
0x00007ff7ac260000 - 0x00007ff7ac291000 	D:\android\jre\bin\java.exe
0x00007fff157a0000 - 0x00007fff15990000 	C:\Windows\SYSTEM32\ntdll.dll
0x00007fff14170000 - 0x00007fff14222000 	C:\Windows\System32\KERNEL32.DLL
0x00007fff13540000 - 0x00007fff137e5000 	C:\Windows\System32\KERNELBASE.dll
0x00007fff14500000 - 0x00007fff145a3000 	C:\Windows\System32\ADVAPI32.dll
0x00007fff13d40000 - 0x00007fff13dde000 	C:\Windows\System32\msvcrt.dll
0x00007fff14df0000 - 0x00007fff14e87000 	C:\Windows\System32\sechost.dll
0x00007fff13850000 - 0x00007fff13970000 	C:\Windows\System32\RPCRT4.dll
0x00007fff13ad0000 - 0x00007fff13c64000 	C:\Windows\System32\USER32.dll
0x00007fff12fa0000 - 0x00007fff12fc1000 	C:\Windows\System32\win32u.dll
0x00007fff14db0000 - 0x00007fff14dd6000 	C:\Windows\System32\GDI32.dll
0x00007fff13020000 - 0x00007fff131b6000 	C:\Windows\System32\gdi32full.dll
0x00007fff13410000 - 0x00007fff134ae000 	C:\Windows\System32\msvcp_win.dll
0x00007fff13310000 - 0x00007fff1340a000 	C:\Windows\System32\ucrtbase.dll
0x00007ffefdff0000 - 0x00007ffefe274000 	C:\Windows\WinSxS\amd64_microsoft.windows.common-controls_6595b64144ccf1df_6.0.18362.1256_none_9e7e379be45e40e2\COMCTL32.dll
0x00007fff15370000 - 0x00007fff156a6000 	C:\Windows\System32\combase.dll
0x00007fff134b0000 - 0x00007fff13531000 	C:\Windows\System32\bcryptPrimitives.dll
0x00007fff14d20000 - 0x00007fff14d4e000 	C:\Windows\System32\IMM32.DLL
0x00000000563e0000 - 0x00000000564b2000 	D:\android\jre\jre\bin\msvcr100.dll
0x0000000055410000 - 0x0000000055c5b000 	D:\android\jre\jre\bin\server\jvm.dll
0x00007fff14de0000 - 0x00007fff14de8000 	C:\Windows\System32\PSAPI.DLL
0x00007ffefa650000 - 0x00007ffefa659000 	C:\Windows\SYSTEM32\WSOCK32.dll
0x00007fff14e90000 - 0x00007fff14eff000 	C:\Windows\System32\WS2_32.dll
0x00007fff02c50000 - 0x00007fff02c74000 	C:\Windows\SYSTEM32\WINMM.dll
0x00007fff095e0000 - 0x00007fff095ea000 	C:\Windows\SYSTEM32\VERSION.dll
0x00007fff02c20000 - 0x00007fff02c4d000 	C:\Windows\SYSTEM32\winmmbase.dll
0x00007fff12fd0000 - 0x00007fff1301a000 	C:\Windows\System32\cfgmgr32.dll
0x00007fff0a670000 - 0x00007fff0a67f000 	D:\android\jre\jre\bin\verify.dll
0x00007fff082f0000 - 0x00007fff08319000 	D:\android\jre\jre\bin\java.dll
0x00007fff07b50000 - 0x00007fff07b66000 	D:\android\jre\jre\bin\zip.dll
0x00007fff145b0000 - 0x00007fff14c97000 	C:\Windows\System32\SHELL32.dll
0x00007fff140c0000 - 0x00007fff14169000 	C:\Windows\System32\shcore.dll
0x00007fff12730000 - 0x00007fff12eb1000 	C:\Windows\System32\windows.storage.dll
0x00007fff126c0000 - 0x00007fff126e3000 	C:\Windows\System32\profapi.dll
0x00007fff12670000 - 0x00007fff126ba000 	C:\Windows\System32\powrprof.dll
0x00007fff12640000 - 0x00007fff12650000 	C:\Windows\System32\UMPDC.dll
0x00007fff13de0000 - 0x00007fff13e32000 	C:\Windows\System32\shlwapi.dll
0x00007fff12650000 - 0x00007fff12661000 	C:\Windows\System32\kernel.appcore.dll
0x00007fff12710000 - 0x00007fff12727000 	C:\Windows\System32\cryptsp.dll
0x00007fff07a80000 - 0x00007fff07a9a000 	D:\android\jre\jre\bin\net.dll
0x00007fff11e90000 - 0x00007fff11ef7000 	C:\Windows\system32\mswsock.dll
0x00007fff07a60000 - 0x00007fff07a73000 	D:\android\jre\jre\bin\nio.dll
0x00007fff007e0000 - 0x00007fff00806000 	C:\Users\dym\.gradle\native\29\windows-amd64\native-platform.dll
0x00007fff09a60000 - 0x00007fff09a6d000 	D:\android\jre\jre\bin\management.dll
0x00007fff11a00000 - 0x00007fff11a33000 	C:\Windows\system32\rsaenh.dll
0x00007fff12ec0000 - 0x00007fff12ee6000 	C:\Windows\System32\bcrypt.dll
0x00007fff12560000 - 0x00007fff12585000 	C:\Windows\SYSTEM32\USERENV.dll
0x00007fff12060000 - 0x00007fff1206c000 	C:\Windows\SYSTEM32\CRYPTBASE.dll
0x00007fff11ba0000 - 0x00007fff11bda000 	C:\Windows\SYSTEM32\IPHLPAPI.DLL
0x00007fff15750000 - 0x00007fff15758000 	C:\Windows\System32\NSI.dll
0x00007fff08e60000 - 0x00007fff08e76000 	C:\Windows\SYSTEM32\dhcpcsvc6.DLL
0x00007fff08e40000 - 0x00007fff08e5c000 	C:\Windows\SYSTEM32\dhcpcsvc.DLL
0x00007fff11be0000 - 0x00007fff11cab000 	C:\Windows\SYSTEM32\DNSAPI.dll
0x00007ffeea040000 - 0x00007ffeea064000 	D:\android\jre\jre\bin\sunec.dll
0x00007fff07f80000 - 0x00007fff07f8a000 	C:\Windows\System32\rasadhlp.dll
0x00007fff08820000 - 0x00007fff08897000 	C:\Windows\System32\fwpuclnt.dll
0x00007fff0bfb0000 - 0x00007fff0bfbb000 	D:\android\jre\jre\bin\sunmscapi.dll
0x00007fff131c0000 - 0x00007fff13309000 	C:\Windows\System32\CRYPT32.dll
0x00007fff126f0000 - 0x00007fff12702000 	C:\Windows\System32\MSASN1.dll
0x00007fff03750000 - 0x00007fff0376e000 	C:\Users\dym\AppData\Local\Temp\native-platform6064395058123394517dir\native-platform.dll

VM Arguments:
jvm_args: -Xmx1536m -Dfile.encoding=GBK -Duser.country=CN -Duser.language=zh -Duser.variant 
java_command: org.gradle.launcher.daemon.bootstrap.GradleDaemon 5.4.1
java_class_path (initial): C:\Users\dym\.gradle\wrapper\dists\gradle-5.4.1-all\3221gyojl5jsh0helicew7rwx\gradle-5.4.1\lib\gradle-launcher-5.4.1.jar
Launcher Type: SUN_STANDARD

Environment Variables:
PATH=C:\windows\system32;C:\windows;C:\windows\System32\Wbem;C:\windows\System32\WindowsPowerShell\v1.0\;C:\windows\System32\OpenSSH\;C:\Program Files (x86)\NVIDIA Corporation\PhysX\Common;C:\Program Files\NVIDIA Corporation\NVIDIA NvDLISR;C:\Program Files\Intel\WiFi\bin\;C:\Program Files\Common Files\Intel\WirelessCommon\;C:\Windows\system32;C:\Windows;C:\Windows\System32\Wbem;C:\Windows\System32\WindowsPowerShell\v1.0\;C:\Windows\System32\OpenSSH\;D:\SDK\tools;D:\SDK\platform-tools;C:\Users\dym\AppData\Local\Microsoft\WindowsApps;
USERNAME=dym
OS=Windows_NT
PROCESSOR_IDENTIFIER=Intel64 Family 6 Model 142 Stepping 12, GenuineIntel



---------------  S Y S T E M  ---------------

OS: Windows 10.0 , 64 bit Build 18362 (10.0.18362.1110)

CPU:total 8 (initial active 8) (4 cores per cpu, 2 threads per core) family 6 model 142 stepping 12, cmov, cx8, fxsr, mmx, sse, sse2, sse3, ssse3, sse4.1, sse4.2, popcnt, avx, avx2, aes, clmul, erms, 3dnowpref, lzcnt, ht, tsc, tscinvbit, bmi1, bmi2, adx

Memory: 4k page, physical 8230644k(366744k free), swap 18716400k(4024k free)

vm_info: OpenJDK 64-Bit Server VM (25.242-b01) for windows-amd64 JRE (1.8.0_242-release-1644-b01), built by "builder" with MS VC++ 10.0 (VS2010)

time: Wed Dec 16 22:31:33 2020
timezone: 中国标准时间
elapsed time: 15166 seconds (0d 4h 12m 46s)

